<?xml version="1.0" encoding="UTF-8"?>
<testsuite xmlns:xsi="http://www.w3.org/2001/XMLSchema-instance" xsi:noNamespaceSchemaLocation="https://maven.apache.org/surefire/maven-surefire-plugin/xsd/surefire-test-report-3.0.xsd" version="3.0" name="com.fabricGp.assignment.bdd.CucumberTestRunner" time="5.932" tests="31" errors="0" skipped="15" failures="0">
  <properties>
    <property name="gopherProxySet" value="false"/>
    <property name="awt.toolkit" value="sun.lwawt.macosx.LWCToolkit"/>
    <property name="java.specification.version" value="11"/>
    <property name="sun.cpu.isalist" value=""/>
    <property name="sun.jnu.encoding" value="UTF-8"/>
    <property name="java.class.path" value="/Users/surendersuhag/Data/learning/cucumber/Assignment/target/test-classes:/Users/surendersuhag/Data/learning/cucumber/Assignment/target/classes:/Users/surendersuhag/.m2/repository/io/cucumber/cucumber-java8/5.0.0-RC4/cucumber-java8-5.0.0-RC4.jar:/Users/surendersuhag/.m2/repository/io/cucumber/cucumber-core/5.0.0-RC4/cucumber-core-5.0.0-RC4.jar:/Users/surendersuhag/.m2/repository/io/cucumber/cucumber-gherkin/5.0.0-RC4/cucumber-gherkin-5.0.0-RC4.jar:/Users/surendersuhag/.m2/repository/io/cucumber/cucumber-gherkin-vintage/5.0.0-RC4/cucumber-gherkin-vintage-5.0.0-RC4.jar:/Users/surendersuhag/.m2/repository/io/cucumber/tag-expressions/2.0.2/tag-expressions-2.0.2.jar:/Users/surendersuhag/.m2/repository/io/cucumber/cucumber-expressions/8.2.1/cucumber-expressions-8.2.1.jar:/Users/surendersuhag/.m2/repository/io/cucumber/datatable/3.1.0/datatable-3.1.0.jar:/Users/surendersuhag/.m2/repository/io/cucumber/cucumber-plugin/5.0.0-RC4/cucumber-plugin-5.0.0-RC4.jar:/Users/surendersuhag/.m2/repository/io/cucumber/docstring/5.0.0-RC4/docstring-5.0.0-RC4.jar:/Users/surendersuhag/.m2/repository/org/apiguardian/apiguardian-api/1.1.0/apiguardian-api-1.1.0.jar:/Users/surendersuhag/.m2/repository/net/jodah/typetools/0.6.1/typetools-0.6.1.jar:/Users/surendersuhag/.m2/repository/io/cucumber/cucumber-junit/5.0.0-RC4/cucumber-junit-5.0.0-RC4.jar:/Users/surendersuhag/.m2/repository/junit/junit/4.13-rc-2/junit-4.13-rc-2.jar:/Users/surendersuhag/.m2/repository/org/hamcrest/hamcrest-core/1.3/hamcrest-core-1.3.jar:/Users/surendersuhag/.m2/repository/io/cucumber/cucumber-spring/5.0.0-RC4/cucumber-spring-5.0.0-RC4.jar:/Users/surendersuhag/.m2/repository/org/springframework/spring-context/5.2.2.RELEASE/spring-context-5.2.2.RELEASE.jar:/Users/surendersuhag/.m2/repository/org/springframework/spring-aop/5.2.2.RELEASE/spring-aop-5.2.2.RELEASE.jar:/Users/surendersuhag/.m2/repository/org/springframework/spring-beans/5.2.2.RELEASE/spring-beans-5.2.2.RELEASE.jar:/Users/surendersuhag/.m2/repository/org/springframework/spring-core/5.2.2.RELEASE/spring-core-5.2.2.RELEASE.jar:/Users/surendersuhag/.m2/repository/org/springframework/spring-jcl/5.2.2.RELEASE/spring-jcl-5.2.2.RELEASE.jar:/Users/surendersuhag/.m2/repository/org/springframework/spring-expression/5.2.2.RELEASE/spring-expression-5.2.2.RELEASE.jar:/Users/surendersuhag/.m2/repository/org/seleniumhq/selenium/selenium-java/3.141.59/selenium-java-3.141.59.jar:/Users/surendersuhag/.m2/repository/org/seleniumhq/selenium/selenium-api/3.141.59/selenium-api-3.141.59.jar:/Users/surendersuhag/.m2/repository/org/seleniumhq/selenium/selenium-chrome-driver/3.141.59/selenium-chrome-driver-3.141.59.jar:/Users/surendersuhag/.m2/repository/org/seleniumhq/selenium/selenium-edge-driver/3.141.59/selenium-edge-driver-3.141.59.jar:/Users/surendersuhag/.m2/repository/org/seleniumhq/selenium/selenium-firefox-driver/3.141.59/selenium-firefox-driver-3.141.59.jar:/Users/surendersuhag/.m2/repository/org/seleniumhq/selenium/selenium-ie-driver/3.141.59/selenium-ie-driver-3.141.59.jar:/Users/surendersuhag/.m2/repository/org/seleniumhq/selenium/selenium-opera-driver/3.141.59/selenium-opera-driver-3.141.59.jar:/Users/surendersuhag/.m2/repository/org/seleniumhq/selenium/selenium-remote-driver/3.141.59/selenium-remote-driver-3.141.59.jar:/Users/surendersuhag/.m2/repository/org/seleniumhq/selenium/selenium-safari-driver/3.141.59/selenium-safari-driver-3.141.59.jar:/Users/surendersuhag/.m2/repository/org/seleniumhq/selenium/selenium-support/3.141.59/selenium-support-3.141.59.jar:/Users/surendersuhag/.m2/repository/net/bytebuddy/byte-buddy/1.8.15/byte-buddy-1.8.15.jar:/Users/surendersuhag/.m2/repository/org/apache/commons/commons-exec/1.3/commons-exec-1.3.jar:/Users/surendersuhag/.m2/repository/com/google/guava/guava/25.0-jre/guava-25.0-jre.jar:/Users/surendersuhag/.m2/repository/com/google/code/findbugs/jsr305/1.3.9/jsr305-1.3.9.jar:/Users/surendersuhag/.m2/repository/org/checkerframework/checker-compat-qual/2.0.0/checker-compat-qual-2.0.0.jar:/Users/surendersuhag/.m2/repository/com/google/errorprone/error_prone_annotations/2.1.3/error_prone_annotations-2.1.3.jar:/Users/surendersuhag/.m2/repository/com/google/j2objc/j2objc-annotations/1.1/j2objc-annotations-1.1.jar:/Users/surendersuhag/.m2/repository/org/codehaus/mojo/animal-sniffer-annotations/1.14/animal-sniffer-annotations-1.14.jar:/Users/surendersuhag/.m2/repository/com/squareup/okhttp3/okhttp/3.11.0/okhttp-3.11.0.jar:/Users/surendersuhag/.m2/repository/com/squareup/okio/okio/1.14.0/okio-1.14.0.jar:/Users/surendersuhag/.m2/repository/org/springframework/spring-test/5.2.2.RELEASE/spring-test-5.2.2.RELEASE.jar:/Users/surendersuhag/.m2/repository/io/cucumber/cucumber-java/5.0.0-RC4/cucumber-java-5.0.0-RC4.jar:"/>
    <property name="java.vm.vendor" value="Amazon.com Inc."/>
    <property name="sun.arch.data.model" value="64"/>
    <property name="java.vendor.url" value="https://aws.amazon.com/corretto/"/>
    <property name="user.timezone" value=""/>
    <property name="java.vm.specification.version" value="11"/>
    <property name="os.name" value="Mac OS X"/>
    <property name="sun.java.launcher" value="SUN_STANDARD"/>
    <property name="user.country" value="IN"/>
    <property name="sun.boot.library.path" value="/Library/Java/JavaVirtualMachines/amazon-corretto-11.jdk/Contents/Home/lib"/>
    <property name="sun.java.command" value="/Users/surendersuhag/Data/learning/cucumber/Assignment/target/surefire/surefirebooter8878885229220487061.jar /Users/surendersuhag/Data/learning/cucumber/Assignment/target/surefire 2020-02-16T11-54-42_109-jvmRun1 surefire12116776443471607299tmp surefire_082530641063258462tmp"/>
    <property name="http.nonProxyHosts" value="local|*.local|169.254/16|*.169.254/16"/>
    <property name="jdk.debug" value="release"/>
    <property name="surefire.test.class.path" value="/Users/surendersuhag/Data/learning/cucumber/Assignment/target/test-classes:/Users/surendersuhag/Data/learning/cucumber/Assignment/target/classes:/Users/surendersuhag/.m2/repository/io/cucumber/cucumber-java8/5.0.0-RC4/cucumber-java8-5.0.0-RC4.jar:/Users/surendersuhag/.m2/repository/io/cucumber/cucumber-core/5.0.0-RC4/cucumber-core-5.0.0-RC4.jar:/Users/surendersuhag/.m2/repository/io/cucumber/cucumber-gherkin/5.0.0-RC4/cucumber-gherkin-5.0.0-RC4.jar:/Users/surendersuhag/.m2/repository/io/cucumber/cucumber-gherkin-vintage/5.0.0-RC4/cucumber-gherkin-vintage-5.0.0-RC4.jar:/Users/surendersuhag/.m2/repository/io/cucumber/tag-expressions/2.0.2/tag-expressions-2.0.2.jar:/Users/surendersuhag/.m2/repository/io/cucumber/cucumber-expressions/8.2.1/cucumber-expressions-8.2.1.jar:/Users/surendersuhag/.m2/repository/io/cucumber/datatable/3.1.0/datatable-3.1.0.jar:/Users/surendersuhag/.m2/repository/io/cucumber/cucumber-plugin/5.0.0-RC4/cucumber-plugin-5.0.0-RC4.jar:/Users/surendersuhag/.m2/repository/io/cucumber/docstring/5.0.0-RC4/docstring-5.0.0-RC4.jar:/Users/surendersuhag/.m2/repository/org/apiguardian/apiguardian-api/1.1.0/apiguardian-api-1.1.0.jar:/Users/surendersuhag/.m2/repository/net/jodah/typetools/0.6.1/typetools-0.6.1.jar:/Users/surendersuhag/.m2/repository/io/cucumber/cucumber-junit/5.0.0-RC4/cucumber-junit-5.0.0-RC4.jar:/Users/surendersuhag/.m2/repository/junit/junit/4.13-rc-2/junit-4.13-rc-2.jar:/Users/surendersuhag/.m2/repository/org/hamcrest/hamcrest-core/1.3/hamcrest-core-1.3.jar:/Users/surendersuhag/.m2/repository/io/cucumber/cucumber-spring/5.0.0-RC4/cucumber-spring-5.0.0-RC4.jar:/Users/surendersuhag/.m2/repository/org/springframework/spring-context/5.2.2.RELEASE/spring-context-5.2.2.RELEASE.jar:/Users/surendersuhag/.m2/repository/org/springframework/spring-aop/5.2.2.RELEASE/spring-aop-5.2.2.RELEASE.jar:/Users/surendersuhag/.m2/repository/org/springframework/spring-beans/5.2.2.RELEASE/spring-beans-5.2.2.RELEASE.jar:/Users/surendersuhag/.m2/repository/org/springframework/spring-core/5.2.2.RELEASE/spring-core-5.2.2.RELEASE.jar:/Users/surendersuhag/.m2/repository/org/springframework/spring-jcl/5.2.2.RELEASE/spring-jcl-5.2.2.RELEASE.jar:/Users/surendersuhag/.m2/repository/org/springframework/spring-expression/5.2.2.RELEASE/spring-expression-5.2.2.RELEASE.jar:/Users/surendersuhag/.m2/repository/org/seleniumhq/selenium/selenium-java/3.141.59/selenium-java-3.141.59.jar:/Users/surendersuhag/.m2/repository/org/seleniumhq/selenium/selenium-api/3.141.59/selenium-api-3.141.59.jar:/Users/surendersuhag/.m2/repository/org/seleniumhq/selenium/selenium-chrome-driver/3.141.59/selenium-chrome-driver-3.141.59.jar:/Users/surendersuhag/.m2/repository/org/seleniumhq/selenium/selenium-edge-driver/3.141.59/selenium-edge-driver-3.141.59.jar:/Users/surendersuhag/.m2/repository/org/seleniumhq/selenium/selenium-firefox-driver/3.141.59/selenium-firefox-driver-3.141.59.jar:/Users/surendersuhag/.m2/repository/org/seleniumhq/selenium/selenium-ie-driver/3.141.59/selenium-ie-driver-3.141.59.jar:/Users/surendersuhag/.m2/repository/org/seleniumhq/selenium/selenium-opera-driver/3.141.59/selenium-opera-driver-3.141.59.jar:/Users/surendersuhag/.m2/repository/org/seleniumhq/selenium/selenium-remote-driver/3.141.59/selenium-remote-driver-3.141.59.jar:/Users/surendersuhag/.m2/repository/org/seleniumhq/selenium/selenium-safari-driver/3.141.59/selenium-safari-driver-3.141.59.jar:/Users/surendersuhag/.m2/repository/org/seleniumhq/selenium/selenium-support/3.141.59/selenium-support-3.141.59.jar:/Users/surendersuhag/.m2/repository/net/bytebuddy/byte-buddy/1.8.15/byte-buddy-1.8.15.jar:/Users/surendersuhag/.m2/repository/org/apache/commons/commons-exec/1.3/commons-exec-1.3.jar:/Users/surendersuhag/.m2/repository/com/google/guava/guava/25.0-jre/guava-25.0-jre.jar:/Users/surendersuhag/.m2/repository/com/google/code/findbugs/jsr305/1.3.9/jsr305-1.3.9.jar:/Users/surendersuhag/.m2/repository/org/checkerframework/checker-compat-qual/2.0.0/checker-compat-qual-2.0.0.jar:/Users/surendersuhag/.m2/repository/com/google/errorprone/error_prone_annotations/2.1.3/error_prone_annotations-2.1.3.jar:/Users/surendersuhag/.m2/repository/com/google/j2objc/j2objc-annotations/1.1/j2objc-annotations-1.1.jar:/Users/surendersuhag/.m2/repository/org/codehaus/mojo/animal-sniffer-annotations/1.14/animal-sniffer-annotations-1.14.jar:/Users/surendersuhag/.m2/repository/com/squareup/okhttp3/okhttp/3.11.0/okhttp-3.11.0.jar:/Users/surendersuhag/.m2/repository/com/squareup/okio/okio/1.14.0/okio-1.14.0.jar:/Users/surendersuhag/.m2/repository/org/springframework/spring-test/5.2.2.RELEASE/spring-test-5.2.2.RELEASE.jar:/Users/surendersuhag/.m2/repository/io/cucumber/cucumber-java/5.0.0-RC4/cucumber-java-5.0.0-RC4.jar:"/>
    <property name="sun.cpu.endian" value="little"/>
    <property name="user.home" value="/Users/surendersuhag"/>
    <property name="user.language" value="en"/>
    <property name="java.specification.vendor" value="Oracle Corporation"/>
    <property name="java.version.date" value="2019-07-16"/>
    <property name="java.home" value="/Library/Java/JavaVirtualMachines/amazon-corretto-11.jdk/Contents/Home"/>
    <property name="file.separator" value="/"/>
    <property name="basedir" value="/Users/surendersuhag/Data/learning/cucumber/Assignment"/>
    <property name="java.vm.compressedOopsMode" value="Zero based"/>
    <property name="line.separator" value="&#10;"/>
    <property name="java.specification.name" value="Java Platform API Specification"/>
    <property name="java.vm.specification.vendor" value="Oracle Corporation"/>
    <property name="java.awt.graphicsenv" value="sun.awt.CGraphicsEnvironment"/>
    <property name="surefire.real.class.path" value="/Users/surendersuhag/Data/learning/cucumber/Assignment/target/surefire/surefirebooter8878885229220487061.jar"/>
    <property name="sun.management.compiler" value="HotSpot 64-Bit Tiered Compilers"/>
    <property name="ftp.nonProxyHosts" value="local|*.local|169.254/16|*.169.254/16"/>
    <property name="java.runtime.version" value="11.0.4+11-LTS"/>
    <property name="user.name" value="surendersuhag"/>
    <property name="path.separator" value=":"/>
    <property name="os.version" value="10.15.3"/>
    <property name="java.runtime.name" value="OpenJDK Runtime Environment"/>
    <property name="file.encoding" value="UTF-8"/>
    <property name="java.vm.name" value="OpenJDK 64-Bit Server VM"/>
    <property name="java.vendor.version" value="Corretto-11.0.4.11.1"/>
    <property name="localRepository" value="/Users/surendersuhag/.m2/repository"/>
    <property name="java.vendor.url.bug" value="https://github.com/corretto/corretto-11/issues/"/>
    <property name="java.io.tmpdir" value="/var/folders/jg/yy4s4g550h94qw1g365g0w8h0000gn/T/"/>
    <property name="java.version" value="11.0.4"/>
    <property name="user.dir" value="/Users/surendersuhag/Data/learning/cucumber/Assignment"/>
    <property name="os.arch" value="x86_64"/>
    <property name="java.vm.specification.name" value="Java Virtual Machine Specification"/>
    <property name="java.awt.printerjob" value="sun.lwawt.macosx.CPrinterJob"/>
    <property name="sun.os.patch.level" value="unknown"/>
    <property name="java.library.path" value="/Users/surendersuhag/Library/Java/Extensions:/Library/Java/Extensions:/Network/Library/Java/Extensions:/System/Library/Java/Extensions:/usr/lib/java:."/>
    <property name="java.vendor" value="Amazon.com Inc."/>
    <property name="java.vm.info" value="mixed mode"/>
    <property name="java.vm.version" value="11.0.4+11-LTS"/>
    <property name="sun.io.unicode.encoding" value="UnicodeBig"/>
    <property name="java.class.version" value="55.0"/>
    <property name="socksNonProxyHosts" value="local|*.local|169.254/16|*.169.254/16"/>
  </properties>
  <testcase name="Making payment online using credit/debit card" classname="Payment for the tickets online by credit card" time="0">
    <skipped message="The step &quot;User has booked a seat&quot; is undefined. You can implement it using tne snippet(s) below:&#10;&#10;Given(&quot;User has booked a seat&quot;, () -&gt; {&#10;    // Write code here that turns the phrase above into concrete actions&#10;    throw new io.cucumber.java8.PendingException();&#10;});&#10;@Given(&quot;User has booked a seat&quot;)&#10;public void user_has_booked_a_seat() {&#10;    // Write code here that turns the phrase above into concrete actions&#10;    throw new io.cucumber.java.PendingException();&#10;}&#10;&#10;Some other steps were also undefined:&#10;&#10;Given(&quot;i am checkout&quot;, () -&gt; {&#10;    // Write code here that turns the phrase above into concrete actions&#10;    throw new io.cucumber.java8.PendingException();&#10;});&#10;@Given(&quot;i am checkout&quot;)&#10;public void i_am_checkout() {&#10;    // Write code here that turns the phrase above into concrete actions&#10;    throw new io.cucumber.java.PendingException();&#10;}&#10;When(&quot;I use Visa&quot;, () -&gt; {&#10;    // Write code here that turns the phrase above into concrete actions&#10;    throw new io.cucumber.java8.PendingException();&#10;});&#10;@When(&quot;I use Visa&quot;)&#10;public void i_use_Visa() {&#10;    // Write code here that turns the phrase above into concrete actions&#10;    throw new io.cucumber.java.PendingException();&#10;}&#10;When(&quot;i enter {int}&quot;, (Integer int1) -&gt; {&#10;    // Write code here that turns the phrase above into concrete actions&#10;    throw new io.cucumber.java8.PendingException();&#10;});&#10;@When(&quot;i enter {int}&quot;)&#10;public void i_enter(Integer int1) {&#10;    // Write code here that turns the phrase above into concrete actions&#10;    throw new io.cucumber.java.PendingException();&#10;}&#10;When(&quot;i enter {int}&quot;, (Integer int1) -&gt; {&#10;    // Write code here that turns the phrase above into concrete actions&#10;    throw new io.cucumber.java8.PendingException();&#10;});&#10;@When(&quot;i enter {int}&quot;)&#10;public void i_enter(Integer int1) {&#10;    // Write code here that turns the phrase above into concrete actions&#10;    throw new io.cucumber.java.PendingException();&#10;}&#10;Then(&quot;{string} should be displayed&quot;, (String string) -&gt; {&#10;    // Write code here that turns the phrase above into concrete actions&#10;    throw new io.cucumber.java8.PendingException();&#10;});&#10;@Then(&quot;{string} should be displayed&quot;)&#10;public void should_be_displayed(String string) {&#10;    // Write code here that turns the phrase above into concrete actions&#10;    throw new io.cucumber.java.PendingException();&#10;}&#10;"/>
    <system-err><![CDATA[Feb 16, 2020 11:54:44 AM io.cucumber.junit.Cucumber <init>
WARNING: By default Cucumber is running in --non-strict mode.
This default will change to --strict and --non-strict will be removed.
You can use --strict or @CucumberOptions(strict = true) to suppress this warning
Feb 16, 2020 11:54:46 AM org.springframework.test.context.support.AbstractTestContextBootstrapper getDefaultTestExecutionListenerClassNames
INFO: Loaded default TestExecutionListener class names from location [META-INF/spring.factories]: [org.springframework.test.context.web.ServletTestExecutionListener, org.springframework.test.context.support.DirtiesContextBeforeModesTestExecutionListener, org.springframework.test.context.support.DependencyInjectionTestExecutionListener, org.springframework.test.context.support.DirtiesContextTestExecutionListener, org.springframework.test.context.transaction.TransactionalTestExecutionListener, org.springframework.test.context.jdbc.SqlScriptsTestExecutionListener, org.springframework.test.context.event.EventPublishingTestExecutionListener]
Feb 16, 2020 11:54:46 AM org.springframework.test.context.support.AbstractTestContextBootstrapper getTestExecutionListeners
INFO: Using TestExecutionListeners: [org.springframework.test.context.support.DirtiesContextBeforeModesTestExecutionListener@142269f2, org.springframework.test.context.support.DependencyInjectionTestExecutionListener@331acdad, org.springframework.test.context.support.DirtiesContextTestExecutionListener@41d426b5, org.springframework.test.context.event.EventPublishingTestExecutionListener@8dbfffb]
]]></system-err>
  </testcase>
  <testcase name="Making payment online using credit/debit card" classname="Payment for the tickets online by credit card" time="0">
    <skipped message="The step &quot;User has booked a seat&quot; is undefined. You can implement it using tne snippet(s) below:&#10;&#10;Given(&quot;User has booked a seat&quot;, () -&gt; {&#10;    // Write code here that turns the phrase above into concrete actions&#10;    throw new io.cucumber.java8.PendingException();&#10;});&#10;@Given(&quot;User has booked a seat&quot;)&#10;public void user_has_booked_a_seat() {&#10;    // Write code here that turns the phrase above into concrete actions&#10;    throw new io.cucumber.java.PendingException();&#10;}&#10;&#10;Some other steps were also undefined:&#10;&#10;Given(&quot;i am checkout&quot;, () -&gt; {&#10;    // Write code here that turns the phrase above into concrete actions&#10;    throw new io.cucumber.java8.PendingException();&#10;});&#10;@Given(&quot;i am checkout&quot;)&#10;public void i_am_checkout() {&#10;    // Write code here that turns the phrase above into concrete actions&#10;    throw new io.cucumber.java.PendingException();&#10;}&#10;When(&quot;I use Visa Debit&quot;, () -&gt; {&#10;    // Write code here that turns the phrase above into concrete actions&#10;    throw new io.cucumber.java8.PendingException();&#10;});&#10;@When(&quot;I use Visa Debit&quot;)&#10;public void i_use_Visa_Debit() {&#10;    // Write code here that turns the phrase above into concrete actions&#10;    throw new io.cucumber.java.PendingException();&#10;}&#10;When(&quot;i enter {int}&quot;, (Integer int1) -&gt; {&#10;    // Write code here that turns the phrase above into concrete actions&#10;    throw new io.cucumber.java8.PendingException();&#10;});&#10;@When(&quot;i enter {int}&quot;)&#10;public void i_enter(Integer int1) {&#10;    // Write code here that turns the phrase above into concrete actions&#10;    throw new io.cucumber.java.PendingException();&#10;}&#10;When(&quot;i enter {int}&quot;, (Integer int1) -&gt; {&#10;    // Write code here that turns the phrase above into concrete actions&#10;    throw new io.cucumber.java8.PendingException();&#10;});&#10;@When(&quot;i enter {int}&quot;)&#10;public void i_enter(Integer int1) {&#10;    // Write code here that turns the phrase above into concrete actions&#10;    throw new io.cucumber.java.PendingException();&#10;}&#10;Then(&quot;{string} should be displayed&quot;, (String string) -&gt; {&#10;    // Write code here that turns the phrase above into concrete actions&#10;    throw new io.cucumber.java8.PendingException();&#10;});&#10;@Then(&quot;{string} should be displayed&quot;)&#10;public void should_be_displayed(String string) {&#10;    // Write code here that turns the phrase above into concrete actions&#10;    throw new io.cucumber.java.PendingException();&#10;}&#10;"/>
    <system-err><![CDATA[Feb 16, 2020 11:54:48 AM org.springframework.test.context.support.AbstractTestContextBootstrapper getDefaultTestExecutionListenerClassNames
INFO: Loaded default TestExecutionListener class names from location [META-INF/spring.factories]: [org.springframework.test.context.web.ServletTestExecutionListener, org.springframework.test.context.support.DirtiesContextBeforeModesTestExecutionListener, org.springframework.test.context.support.DependencyInjectionTestExecutionListener, org.springframework.test.context.support.DirtiesContextTestExecutionListener, org.springframework.test.context.transaction.TransactionalTestExecutionListener, org.springframework.test.context.jdbc.SqlScriptsTestExecutionListener, org.springframework.test.context.event.EventPublishingTestExecutionListener]
Feb 16, 2020 11:54:48 AM org.springframework.test.context.support.AbstractTestContextBootstrapper getTestExecutionListeners
INFO: Using TestExecutionListeners: [org.springframework.test.context.support.DirtiesContextBeforeModesTestExecutionListener@73e132e0, org.springframework.test.context.support.DependencyInjectionTestExecutionListener@3773862a, org.springframework.test.context.support.DirtiesContextTestExecutionListener@2472c7d8, org.springframework.test.context.event.EventPublishingTestExecutionListener@589b028e]
]]></system-err>
  </testcase>
  <testcase name="Making payment online using credit/debit card" classname="Payment for the tickets online by credit card" time="0">
    <skipped message="The step &quot;User has booked a seat&quot; is undefined. You can implement it using tne snippet(s) below:&#10;&#10;Given(&quot;User has booked a seat&quot;, () -&gt; {&#10;    // Write code here that turns the phrase above into concrete actions&#10;    throw new io.cucumber.java8.PendingException();&#10;});&#10;@Given(&quot;User has booked a seat&quot;)&#10;public void user_has_booked_a_seat() {&#10;    // Write code here that turns the phrase above into concrete actions&#10;    throw new io.cucumber.java.PendingException();&#10;}&#10;&#10;Some other steps were also undefined:&#10;&#10;Given(&quot;i am checkout&quot;, () -&gt; {&#10;    // Write code here that turns the phrase above into concrete actions&#10;    throw new io.cucumber.java8.PendingException();&#10;});&#10;@Given(&quot;i am checkout&quot;)&#10;public void i_am_checkout() {&#10;    // Write code here that turns the phrase above into concrete actions&#10;    throw new io.cucumber.java.PendingException();&#10;}&#10;When(&quot;I use Mastercard&quot;, () -&gt; {&#10;    // Write code here that turns the phrase above into concrete actions&#10;    throw new io.cucumber.java8.PendingException();&#10;});&#10;@When(&quot;I use Mastercard&quot;)&#10;public void i_use_Mastercard() {&#10;    // Write code here that turns the phrase above into concrete actions&#10;    throw new io.cucumber.java.PendingException();&#10;}&#10;When(&quot;i enter {int}&quot;, (Integer int1) -&gt; {&#10;    // Write code here that turns the phrase above into concrete actions&#10;    throw new io.cucumber.java8.PendingException();&#10;});&#10;@When(&quot;i enter {int}&quot;)&#10;public void i_enter(Integer int1) {&#10;    // Write code here that turns the phrase above into concrete actions&#10;    throw new io.cucumber.java.PendingException();&#10;}&#10;When(&quot;i enter {int}&quot;, (Integer int1) -&gt; {&#10;    // Write code here that turns the phrase above into concrete actions&#10;    throw new io.cucumber.java8.PendingException();&#10;});&#10;@When(&quot;i enter {int}&quot;)&#10;public void i_enter(Integer int1) {&#10;    // Write code here that turns the phrase above into concrete actions&#10;    throw new io.cucumber.java.PendingException();&#10;}&#10;Then(&quot;{string} should be displayed&quot;, (String string) -&gt; {&#10;    // Write code here that turns the phrase above into concrete actions&#10;    throw new io.cucumber.java8.PendingException();&#10;});&#10;@Then(&quot;{string} should be displayed&quot;)&#10;public void should_be_displayed(String string) {&#10;    // Write code here that turns the phrase above into concrete actions&#10;    throw new io.cucumber.java.PendingException();&#10;}&#10;"/>
    <system-err><![CDATA[Feb 16, 2020 11:54:48 AM org.springframework.test.context.support.AbstractTestContextBootstrapper getDefaultTestExecutionListenerClassNames
INFO: Loaded default TestExecutionListener class names from location [META-INF/spring.factories]: [org.springframework.test.context.web.ServletTestExecutionListener, org.springframework.test.context.support.DirtiesContextBeforeModesTestExecutionListener, org.springframework.test.context.support.DependencyInjectionTestExecutionListener, org.springframework.test.context.support.DirtiesContextTestExecutionListener, org.springframework.test.context.transaction.TransactionalTestExecutionListener, org.springframework.test.context.jdbc.SqlScriptsTestExecutionListener, org.springframework.test.context.event.EventPublishingTestExecutionListener]
Feb 16, 2020 11:54:48 AM org.springframework.test.context.support.AbstractTestContextBootstrapper getTestExecutionListeners
INFO: Using TestExecutionListeners: [org.springframework.test.context.support.DirtiesContextBeforeModesTestExecutionListener@7e11ab3d, org.springframework.test.context.support.DependencyInjectionTestExecutionListener@5fa47fea, org.springframework.test.context.support.DirtiesContextTestExecutionListener@2392212b, org.springframework.test.context.event.EventPublishingTestExecutionListener@5b43e173]
]]></system-err>
  </testcase>
  <testcase name="Making payment online using credit/debit card" classname="Payment for the tickets online by credit card" time="0">
    <skipped message="The step &quot;User has booked a seat&quot; is undefined. You can implement it using tne snippet(s) below:&#10;&#10;Given(&quot;User has booked a seat&quot;, () -&gt; {&#10;    // Write code here that turns the phrase above into concrete actions&#10;    throw new io.cucumber.java8.PendingException();&#10;});&#10;@Given(&quot;User has booked a seat&quot;)&#10;public void user_has_booked_a_seat() {&#10;    // Write code here that turns the phrase above into concrete actions&#10;    throw new io.cucumber.java.PendingException();&#10;}&#10;&#10;Some other steps were also undefined:&#10;&#10;Given(&quot;i am checkout&quot;, () -&gt; {&#10;    // Write code here that turns the phrase above into concrete actions&#10;    throw new io.cucumber.java8.PendingException();&#10;});&#10;@Given(&quot;i am checkout&quot;)&#10;public void i_am_checkout() {&#10;    // Write code here that turns the phrase above into concrete actions&#10;    throw new io.cucumber.java.PendingException();&#10;}&#10;When(&quot;I use Mastercard Debit&quot;, () -&gt; {&#10;    // Write code here that turns the phrase above into concrete actions&#10;    throw new io.cucumber.java8.PendingException();&#10;});&#10;@When(&quot;I use Mastercard Debit&quot;)&#10;public void i_use_Mastercard_Debit() {&#10;    // Write code here that turns the phrase above into concrete actions&#10;    throw new io.cucumber.java.PendingException();&#10;}&#10;When(&quot;i enter {int}&quot;, (Integer int1) -&gt; {&#10;    // Write code here that turns the phrase above into concrete actions&#10;    throw new io.cucumber.java8.PendingException();&#10;});&#10;@When(&quot;i enter {int}&quot;)&#10;public void i_enter(Integer int1) {&#10;    // Write code here that turns the phrase above into concrete actions&#10;    throw new io.cucumber.java.PendingException();&#10;}&#10;When(&quot;i enter {int}&quot;, (Integer int1) -&gt; {&#10;    // Write code here that turns the phrase above into concrete actions&#10;    throw new io.cucumber.java8.PendingException();&#10;});&#10;@When(&quot;i enter {int}&quot;)&#10;public void i_enter(Integer int1) {&#10;    // Write code here that turns the phrase above into concrete actions&#10;    throw new io.cucumber.java.PendingException();&#10;}&#10;Then(&quot;{string} should be displayed&quot;, (String string) -&gt; {&#10;    // Write code here that turns the phrase above into concrete actions&#10;    throw new io.cucumber.java8.PendingException();&#10;});&#10;@Then(&quot;{string} should be displayed&quot;)&#10;public void should_be_displayed(String string) {&#10;    // Write code here that turns the phrase above into concrete actions&#10;    throw new io.cucumber.java.PendingException();&#10;}&#10;"/>
    <system-err><![CDATA[Feb 16, 2020 11:54:48 AM org.springframework.test.context.support.AbstractTestContextBootstrapper getDefaultTestExecutionListenerClassNames
INFO: Loaded default TestExecutionListener class names from location [META-INF/spring.factories]: [org.springframework.test.context.web.ServletTestExecutionListener, org.springframework.test.context.support.DirtiesContextBeforeModesTestExecutionListener, org.springframework.test.context.support.DependencyInjectionTestExecutionListener, org.springframework.test.context.support.DirtiesContextTestExecutionListener, org.springframework.test.context.transaction.TransactionalTestExecutionListener, org.springframework.test.context.jdbc.SqlScriptsTestExecutionListener, org.springframework.test.context.event.EventPublishingTestExecutionListener]
Feb 16, 2020 11:54:48 AM org.springframework.test.context.support.AbstractTestContextBootstrapper getTestExecutionListeners
INFO: Using TestExecutionListeners: [org.springframework.test.context.support.DirtiesContextBeforeModesTestExecutionListener@38600b, org.springframework.test.context.support.DependencyInjectionTestExecutionListener@669d2b1b, org.springframework.test.context.support.DirtiesContextTestExecutionListener@721eb7df, org.springframework.test.context.event.EventPublishingTestExecutionListener@1ea9f009]
]]></system-err>
  </testcase>
  <testcase name="Making payment online using credit/debit card" classname="Payment for the tickets online by credit card" time="0">
    <skipped message="The step &quot;User has booked a seat&quot; is undefined. You can implement it using tne snippet(s) below:&#10;&#10;Given(&quot;User has booked a seat&quot;, () -&gt; {&#10;    // Write code here that turns the phrase above into concrete actions&#10;    throw new io.cucumber.java8.PendingException();&#10;});&#10;@Given(&quot;User has booked a seat&quot;)&#10;public void user_has_booked_a_seat() {&#10;    // Write code here that turns the phrase above into concrete actions&#10;    throw new io.cucumber.java.PendingException();&#10;}&#10;&#10;Some other steps were also undefined:&#10;&#10;Given(&quot;i am checkout&quot;, () -&gt; {&#10;    // Write code here that turns the phrase above into concrete actions&#10;    throw new io.cucumber.java8.PendingException();&#10;});&#10;@Given(&quot;i am checkout&quot;)&#10;public void i_am_checkout() {&#10;    // Write code here that turns the phrase above into concrete actions&#10;    throw new io.cucumber.java.PendingException();&#10;}&#10;When(&quot;I use Americal Exp&quot;, () -&gt; {&#10;    // Write code here that turns the phrase above into concrete actions&#10;    throw new io.cucumber.java8.PendingException();&#10;});&#10;@When(&quot;I use Americal Exp&quot;)&#10;public void i_use_Americal_Exp() {&#10;    // Write code here that turns the phrase above into concrete actions&#10;    throw new io.cucumber.java.PendingException();&#10;}&#10;When(&quot;i enter {int}&quot;, (Integer int1) -&gt; {&#10;    // Write code here that turns the phrase above into concrete actions&#10;    throw new io.cucumber.java8.PendingException();&#10;});&#10;@When(&quot;i enter {int}&quot;)&#10;public void i_enter(Integer int1) {&#10;    // Write code here that turns the phrase above into concrete actions&#10;    throw new io.cucumber.java.PendingException();&#10;}&#10;When(&quot;i enter {int}&quot;, (Integer int1) -&gt; {&#10;    // Write code here that turns the phrase above into concrete actions&#10;    throw new io.cucumber.java8.PendingException();&#10;});&#10;@When(&quot;i enter {int}&quot;)&#10;public void i_enter(Integer int1) {&#10;    // Write code here that turns the phrase above into concrete actions&#10;    throw new io.cucumber.java.PendingException();&#10;}&#10;Then(&quot;{string} should be displayed&quot;, (String string) -&gt; {&#10;    // Write code here that turns the phrase above into concrete actions&#10;    throw new io.cucumber.java8.PendingException();&#10;});&#10;@Then(&quot;{string} should be displayed&quot;)&#10;public void should_be_displayed(String string) {&#10;    // Write code here that turns the phrase above into concrete actions&#10;    throw new io.cucumber.java.PendingException();&#10;}&#10;"/>
    <system-err><![CDATA[Feb 16, 2020 11:54:48 AM org.springframework.test.context.support.AbstractTestContextBootstrapper getDefaultTestExecutionListenerClassNames
INFO: Loaded default TestExecutionListener class names from location [META-INF/spring.factories]: [org.springframework.test.context.web.ServletTestExecutionListener, org.springframework.test.context.support.DirtiesContextBeforeModesTestExecutionListener, org.springframework.test.context.support.DependencyInjectionTestExecutionListener, org.springframework.test.context.support.DirtiesContextTestExecutionListener, org.springframework.test.context.transaction.TransactionalTestExecutionListener, org.springframework.test.context.jdbc.SqlScriptsTestExecutionListener, org.springframework.test.context.event.EventPublishingTestExecutionListener]
Feb 16, 2020 11:54:48 AM org.springframework.test.context.support.AbstractTestContextBootstrapper getTestExecutionListeners
INFO: Using TestExecutionListeners: [org.springframework.test.context.support.DirtiesContextBeforeModesTestExecutionListener@2b50150, org.springframework.test.context.support.DependencyInjectionTestExecutionListener@15b986cd, org.springframework.test.context.support.DirtiesContextTestExecutionListener@6bb7cce7, org.springframework.test.context.event.EventPublishingTestExecutionListener@41c62850]
]]></system-err>
  </testcase>
  <testcase name="Making payment online using credit/debit card" classname="Payment for the tickets online by credit card" time="0">
    <skipped message="The step &quot;User has booked a seat&quot; is undefined. You can implement it using tne snippet(s) below:&#10;&#10;Given(&quot;User has booked a seat&quot;, () -&gt; {&#10;    // Write code here that turns the phrase above into concrete actions&#10;    throw new io.cucumber.java8.PendingException();&#10;});&#10;@Given(&quot;User has booked a seat&quot;)&#10;public void user_has_booked_a_seat() {&#10;    // Write code here that turns the phrase above into concrete actions&#10;    throw new io.cucumber.java.PendingException();&#10;}&#10;&#10;Some other steps were also undefined:&#10;&#10;Given(&quot;i am checkout&quot;, () -&gt; {&#10;    // Write code here that turns the phrase above into concrete actions&#10;    throw new io.cucumber.java8.PendingException();&#10;});&#10;@Given(&quot;i am checkout&quot;)&#10;public void i_am_checkout() {&#10;    // Write code here that turns the phrase above into concrete actions&#10;    throw new io.cucumber.java.PendingException();&#10;}&#10;When(&quot;I use Visa&quot;, () -&gt; {&#10;    // Write code here that turns the phrase above into concrete actions&#10;    throw new io.cucumber.java8.PendingException();&#10;});&#10;@When(&quot;I use Visa&quot;)&#10;public void i_use_Visa() {&#10;    // Write code here that turns the phrase above into concrete actions&#10;    throw new io.cucumber.java.PendingException();&#10;}&#10;When(&quot;i enter {int}&quot;, (Integer int1) -&gt; {&#10;    // Write code here that turns the phrase above into concrete actions&#10;    throw new io.cucumber.java8.PendingException();&#10;});&#10;@When(&quot;i enter {int}&quot;)&#10;public void i_enter(Integer int1) {&#10;    // Write code here that turns the phrase above into concrete actions&#10;    throw new io.cucumber.java.PendingException();&#10;}&#10;When(&quot;i enter {int}&quot;, (Integer int1) -&gt; {&#10;    // Write code here that turns the phrase above into concrete actions&#10;    throw new io.cucumber.java8.PendingException();&#10;});&#10;@When(&quot;i enter {int}&quot;)&#10;public void i_enter(Integer int1) {&#10;    // Write code here that turns the phrase above into concrete actions&#10;    throw new io.cucumber.java.PendingException();&#10;}&#10;Then(&quot;{string} should be displayed&quot;, (String string) -&gt; {&#10;    // Write code here that turns the phrase above into concrete actions&#10;    throw new io.cucumber.java8.PendingException();&#10;});&#10;@Then(&quot;{string} should be displayed&quot;)&#10;public void should_be_displayed(String string) {&#10;    // Write code here that turns the phrase above into concrete actions&#10;    throw new io.cucumber.java.PendingException();&#10;}&#10;"/>
    <system-err><![CDATA[Feb 16, 2020 11:54:48 AM org.springframework.test.context.support.AbstractTestContextBootstrapper getDefaultTestExecutionListenerClassNames
INFO: Loaded default TestExecutionListener class names from location [META-INF/spring.factories]: [org.springframework.test.context.web.ServletTestExecutionListener, org.springframework.test.context.support.DirtiesContextBeforeModesTestExecutionListener, org.springframework.test.context.support.DependencyInjectionTestExecutionListener, org.springframework.test.context.support.DirtiesContextTestExecutionListener, org.springframework.test.context.transaction.TransactionalTestExecutionListener, org.springframework.test.context.jdbc.SqlScriptsTestExecutionListener, org.springframework.test.context.event.EventPublishingTestExecutionListener]
Feb 16, 2020 11:54:48 AM org.springframework.test.context.support.AbstractTestContextBootstrapper getTestExecutionListeners
INFO: Using TestExecutionListeners: [org.springframework.test.context.support.DirtiesContextBeforeModesTestExecutionListener@44d70181, org.springframework.test.context.support.DependencyInjectionTestExecutionListener@6aa648b9, org.springframework.test.context.support.DirtiesContextTestExecutionListener@23c650a3, org.springframework.test.context.event.EventPublishingTestExecutionListener@742d4e15]
]]></system-err>
  </testcase>
  <testcase name="Making payment online using credit/debit card" classname="Payment for the tickets online by credit card" time="0">
    <skipped message="The step &quot;User has booked a seat&quot; is undefined. You can implement it using tne snippet(s) below:&#10;&#10;Given(&quot;User has booked a seat&quot;, () -&gt; {&#10;    // Write code here that turns the phrase above into concrete actions&#10;    throw new io.cucumber.java8.PendingException();&#10;});&#10;@Given(&quot;User has booked a seat&quot;)&#10;public void user_has_booked_a_seat() {&#10;    // Write code here that turns the phrase above into concrete actions&#10;    throw new io.cucumber.java.PendingException();&#10;}&#10;&#10;Some other steps were also undefined:&#10;&#10;Given(&quot;i am checkout&quot;, () -&gt; {&#10;    // Write code here that turns the phrase above into concrete actions&#10;    throw new io.cucumber.java8.PendingException();&#10;});&#10;@Given(&quot;i am checkout&quot;)&#10;public void i_am_checkout() {&#10;    // Write code here that turns the phrase above into concrete actions&#10;    throw new io.cucumber.java.PendingException();&#10;}&#10;When(&quot;I use Master&quot;, () -&gt; {&#10;    // Write code here that turns the phrase above into concrete actions&#10;    throw new io.cucumber.java8.PendingException();&#10;});&#10;@When(&quot;I use Master&quot;)&#10;public void i_use_Master() {&#10;    // Write code here that turns the phrase above into concrete actions&#10;    throw new io.cucumber.java.PendingException();&#10;}&#10;When(&quot;i enter {int}&quot;, (Integer int1) -&gt; {&#10;    // Write code here that turns the phrase above into concrete actions&#10;    throw new io.cucumber.java8.PendingException();&#10;});&#10;@When(&quot;i enter {int}&quot;)&#10;public void i_enter(Integer int1) {&#10;    // Write code here that turns the phrase above into concrete actions&#10;    throw new io.cucumber.java.PendingException();&#10;}&#10;When(&quot;i enter {int}&quot;, (Integer int1) -&gt; {&#10;    // Write code here that turns the phrase above into concrete actions&#10;    throw new io.cucumber.java8.PendingException();&#10;});&#10;@When(&quot;i enter {int}&quot;)&#10;public void i_enter(Integer int1) {&#10;    // Write code here that turns the phrase above into concrete actions&#10;    throw new io.cucumber.java.PendingException();&#10;}&#10;Then(&quot;{string} should be displayed&quot;, (String string) -&gt; {&#10;    // Write code here that turns the phrase above into concrete actions&#10;    throw new io.cucumber.java8.PendingException();&#10;});&#10;@Then(&quot;{string} should be displayed&quot;)&#10;public void should_be_displayed(String string) {&#10;    // Write code here that turns the phrase above into concrete actions&#10;    throw new io.cucumber.java.PendingException();&#10;}&#10;"/>
    <system-err><![CDATA[Feb 16, 2020 11:54:48 AM org.springframework.test.context.support.AbstractTestContextBootstrapper getDefaultTestExecutionListenerClassNames
INFO: Loaded default TestExecutionListener class names from location [META-INF/spring.factories]: [org.springframework.test.context.web.ServletTestExecutionListener, org.springframework.test.context.support.DirtiesContextBeforeModesTestExecutionListener, org.springframework.test.context.support.DependencyInjectionTestExecutionListener, org.springframework.test.context.support.DirtiesContextTestExecutionListener, org.springframework.test.context.transaction.TransactionalTestExecutionListener, org.springframework.test.context.jdbc.SqlScriptsTestExecutionListener, org.springframework.test.context.event.EventPublishingTestExecutionListener]
Feb 16, 2020 11:54:48 AM org.springframework.test.context.support.AbstractTestContextBootstrapper getTestExecutionListeners
INFO: Using TestExecutionListeners: [org.springframework.test.context.support.DirtiesContextBeforeModesTestExecutionListener@53bf7094, org.springframework.test.context.support.DependencyInjectionTestExecutionListener@26f1249d, org.springframework.test.context.support.DirtiesContextTestExecutionListener@710b30ef, org.springframework.test.context.event.EventPublishingTestExecutionListener@a68df9]
]]></system-err>
  </testcase>
  <testcase name="Making payment online using credit/debit card" classname="Payment for the tickets online by credit card" time="0">
    <skipped message="The step &quot;User has booked a seat&quot; is undefined. You can implement it using tne snippet(s) below:&#10;&#10;Given(&quot;User has booked a seat&quot;, () -&gt; {&#10;    // Write code here that turns the phrase above into concrete actions&#10;    throw new io.cucumber.java8.PendingException();&#10;});&#10;@Given(&quot;User has booked a seat&quot;)&#10;public void user_has_booked_a_seat() {&#10;    // Write code here that turns the phrase above into concrete actions&#10;    throw new io.cucumber.java.PendingException();&#10;}&#10;&#10;Some other steps were also undefined:&#10;&#10;Given(&quot;i am checkout&quot;, () -&gt; {&#10;    // Write code here that turns the phrase above into concrete actions&#10;    throw new io.cucumber.java8.PendingException();&#10;});&#10;@Given(&quot;i am checkout&quot;)&#10;public void i_am_checkout() {&#10;    // Write code here that turns the phrase above into concrete actions&#10;    throw new io.cucumber.java.PendingException();&#10;}&#10;When(&quot;I use Visa&quot;, () -&gt; {&#10;    // Write code here that turns the phrase above into concrete actions&#10;    throw new io.cucumber.java8.PendingException();&#10;});&#10;@When(&quot;I use Visa&quot;)&#10;public void i_use_Visa() {&#10;    // Write code here that turns the phrase above into concrete actions&#10;    throw new io.cucumber.java.PendingException();&#10;}&#10;When(&quot;i enter {int}&quot;, (Integer int1) -&gt; {&#10;    // Write code here that turns the phrase above into concrete actions&#10;    throw new io.cucumber.java8.PendingException();&#10;});&#10;@When(&quot;i enter {int}&quot;)&#10;public void i_enter(Integer int1) {&#10;    // Write code here that turns the phrase above into concrete actions&#10;    throw new io.cucumber.java.PendingException();&#10;}&#10;When(&quot;i enter {int}&quot;, (Integer int1) -&gt; {&#10;    // Write code here that turns the phrase above into concrete actions&#10;    throw new io.cucumber.java8.PendingException();&#10;});&#10;@When(&quot;i enter {int}&quot;)&#10;public void i_enter(Integer int1) {&#10;    // Write code here that turns the phrase above into concrete actions&#10;    throw new io.cucumber.java.PendingException();&#10;}&#10;Then(&quot;{string} should be displayed&quot;, (String string) -&gt; {&#10;    // Write code here that turns the phrase above into concrete actions&#10;    throw new io.cucumber.java8.PendingException();&#10;});&#10;@Then(&quot;{string} should be displayed&quot;)&#10;public void should_be_displayed(String string) {&#10;    // Write code here that turns the phrase above into concrete actions&#10;    throw new io.cucumber.java.PendingException();&#10;}&#10;"/>
    <system-err><![CDATA[Feb 16, 2020 11:54:48 AM org.springframework.test.context.support.AbstractTestContextBootstrapper getDefaultTestExecutionListenerClassNames
INFO: Loaded default TestExecutionListener class names from location [META-INF/spring.factories]: [org.springframework.test.context.web.ServletTestExecutionListener, org.springframework.test.context.support.DirtiesContextBeforeModesTestExecutionListener, org.springframework.test.context.support.DependencyInjectionTestExecutionListener, org.springframework.test.context.support.DirtiesContextTestExecutionListener, org.springframework.test.context.transaction.TransactionalTestExecutionListener, org.springframework.test.context.jdbc.SqlScriptsTestExecutionListener, org.springframework.test.context.event.EventPublishingTestExecutionListener]
Feb 16, 2020 11:54:48 AM org.springframework.test.context.support.AbstractTestContextBootstrapper getTestExecutionListeners
INFO: Using TestExecutionListeners: [org.springframework.test.context.support.DirtiesContextBeforeModesTestExecutionListener@37ff4054, org.springframework.test.context.support.DependencyInjectionTestExecutionListener@894858, org.springframework.test.context.support.DirtiesContextTestExecutionListener@7af707e0, org.springframework.test.context.event.EventPublishingTestExecutionListener@737edcfa]
]]></system-err>
  </testcase>
  <testcase name="Making payment online using credit/debit card" classname="Payment for the tickets online by credit card" time="0">
    <skipped message="The step &quot;User has booked a seat&quot; is undefined. You can implement it using tne snippet(s) below:&#10;&#10;Given(&quot;User has booked a seat&quot;, () -&gt; {&#10;    // Write code here that turns the phrase above into concrete actions&#10;    throw new io.cucumber.java8.PendingException();&#10;});&#10;@Given(&quot;User has booked a seat&quot;)&#10;public void user_has_booked_a_seat() {&#10;    // Write code here that turns the phrase above into concrete actions&#10;    throw new io.cucumber.java.PendingException();&#10;}&#10;&#10;Some other steps were also undefined:&#10;&#10;Given(&quot;i am checkout&quot;, () -&gt; {&#10;    // Write code here that turns the phrase above into concrete actions&#10;    throw new io.cucumber.java8.PendingException();&#10;});&#10;@Given(&quot;i am checkout&quot;)&#10;public void i_am_checkout() {&#10;    // Write code here that turns the phrase above into concrete actions&#10;    throw new io.cucumber.java.PendingException();&#10;}&#10;When(&quot;I use Visa Debit&quot;, () -&gt; {&#10;    // Write code here that turns the phrase above into concrete actions&#10;    throw new io.cucumber.java8.PendingException();&#10;});&#10;@When(&quot;I use Visa Debit&quot;)&#10;public void i_use_Visa_Debit() {&#10;    // Write code here that turns the phrase above into concrete actions&#10;    throw new io.cucumber.java.PendingException();&#10;}&#10;When(&quot;i enter {int}&quot;, (Integer int1) -&gt; {&#10;    // Write code here that turns the phrase above into concrete actions&#10;    throw new io.cucumber.java8.PendingException();&#10;});&#10;@When(&quot;i enter {int}&quot;)&#10;public void i_enter(Integer int1) {&#10;    // Write code here that turns the phrase above into concrete actions&#10;    throw new io.cucumber.java.PendingException();&#10;}&#10;When(&quot;i enter {int}&quot;, (Integer int1) -&gt; {&#10;    // Write code here that turns the phrase above into concrete actions&#10;    throw new io.cucumber.java8.PendingException();&#10;});&#10;@When(&quot;i enter {int}&quot;)&#10;public void i_enter(Integer int1) {&#10;    // Write code here that turns the phrase above into concrete actions&#10;    throw new io.cucumber.java.PendingException();&#10;}&#10;Then(&quot;{string} should be displayed&quot;, (String string) -&gt; {&#10;    // Write code here that turns the phrase above into concrete actions&#10;    throw new io.cucumber.java8.PendingException();&#10;});&#10;@Then(&quot;{string} should be displayed&quot;)&#10;public void should_be_displayed(String string) {&#10;    // Write code here that turns the phrase above into concrete actions&#10;    throw new io.cucumber.java.PendingException();&#10;}&#10;"/>
    <system-err><![CDATA[Feb 16, 2020 11:54:48 AM org.springframework.test.context.support.AbstractTestContextBootstrapper getDefaultTestExecutionListenerClassNames
INFO: Loaded default TestExecutionListener class names from location [META-INF/spring.factories]: [org.springframework.test.context.web.ServletTestExecutionListener, org.springframework.test.context.support.DirtiesContextBeforeModesTestExecutionListener, org.springframework.test.context.support.DependencyInjectionTestExecutionListener, org.springframework.test.context.support.DirtiesContextTestExecutionListener, org.springframework.test.context.transaction.TransactionalTestExecutionListener, org.springframework.test.context.jdbc.SqlScriptsTestExecutionListener, org.springframework.test.context.event.EventPublishingTestExecutionListener]
Feb 16, 2020 11:54:48 AM org.springframework.test.context.support.AbstractTestContextBootstrapper getTestExecutionListeners
INFO: Using TestExecutionListeners: [org.springframework.test.context.support.DirtiesContextBeforeModesTestExecutionListener@584f5497, org.springframework.test.context.support.DependencyInjectionTestExecutionListener@68ace111, org.springframework.test.context.support.DirtiesContextTestExecutionListener@1f9d6c7b, org.springframework.test.context.event.EventPublishingTestExecutionListener@6df20ade]
]]></system-err>
  </testcase>
  <testcase name="Making payment online using credit/debit card" classname="Payment for the tickets online by credit card" time="0">
    <skipped message="The step &quot;User has booked a seat&quot; is undefined. You can implement it using tne snippet(s) below:&#10;&#10;Given(&quot;User has booked a seat&quot;, () -&gt; {&#10;    // Write code here that turns the phrase above into concrete actions&#10;    throw new io.cucumber.java8.PendingException();&#10;});&#10;@Given(&quot;User has booked a seat&quot;)&#10;public void user_has_booked_a_seat() {&#10;    // Write code here that turns the phrase above into concrete actions&#10;    throw new io.cucumber.java.PendingException();&#10;}&#10;&#10;Some other steps were also undefined:&#10;&#10;Given(&quot;i am checkout&quot;, () -&gt; {&#10;    // Write code here that turns the phrase above into concrete actions&#10;    throw new io.cucumber.java8.PendingException();&#10;});&#10;@Given(&quot;i am checkout&quot;)&#10;public void i_am_checkout() {&#10;    // Write code here that turns the phrase above into concrete actions&#10;    throw new io.cucumber.java.PendingException();&#10;}&#10;When(&quot;I use Mastercard&quot;, () -&gt; {&#10;    // Write code here that turns the phrase above into concrete actions&#10;    throw new io.cucumber.java8.PendingException();&#10;});&#10;@When(&quot;I use Mastercard&quot;)&#10;public void i_use_Mastercard() {&#10;    // Write code here that turns the phrase above into concrete actions&#10;    throw new io.cucumber.java.PendingException();&#10;}&#10;When(&quot;i enter {int}&quot;, (Integer int1) -&gt; {&#10;    // Write code here that turns the phrase above into concrete actions&#10;    throw new io.cucumber.java8.PendingException();&#10;});&#10;@When(&quot;i enter {int}&quot;)&#10;public void i_enter(Integer int1) {&#10;    // Write code here that turns the phrase above into concrete actions&#10;    throw new io.cucumber.java.PendingException();&#10;}&#10;When(&quot;i enter {int}&quot;, (Integer int1) -&gt; {&#10;    // Write code here that turns the phrase above into concrete actions&#10;    throw new io.cucumber.java8.PendingException();&#10;});&#10;@When(&quot;i enter {int}&quot;)&#10;public void i_enter(Integer int1) {&#10;    // Write code here that turns the phrase above into concrete actions&#10;    throw new io.cucumber.java.PendingException();&#10;}&#10;Then(&quot;{string} should be displayed&quot;, (String string) -&gt; {&#10;    // Write code here that turns the phrase above into concrete actions&#10;    throw new io.cucumber.java8.PendingException();&#10;});&#10;@Then(&quot;{string} should be displayed&quot;)&#10;public void should_be_displayed(String string) {&#10;    // Write code here that turns the phrase above into concrete actions&#10;    throw new io.cucumber.java.PendingException();&#10;}&#10;"/>
    <system-err><![CDATA[Feb 16, 2020 11:54:48 AM org.springframework.test.context.support.AbstractTestContextBootstrapper getDefaultTestExecutionListenerClassNames
INFO: Loaded default TestExecutionListener class names from location [META-INF/spring.factories]: [org.springframework.test.context.web.ServletTestExecutionListener, org.springframework.test.context.support.DirtiesContextBeforeModesTestExecutionListener, org.springframework.test.context.support.DependencyInjectionTestExecutionListener, org.springframework.test.context.support.DirtiesContextTestExecutionListener, org.springframework.test.context.transaction.TransactionalTestExecutionListener, org.springframework.test.context.jdbc.SqlScriptsTestExecutionListener, org.springframework.test.context.event.EventPublishingTestExecutionListener]
Feb 16, 2020 11:54:48 AM org.springframework.test.context.support.AbstractTestContextBootstrapper getTestExecutionListeners
INFO: Using TestExecutionListeners: [org.springframework.test.context.support.DirtiesContextBeforeModesTestExecutionListener@cda4919, org.springframework.test.context.support.DependencyInjectionTestExecutionListener@7f4d9395, org.springframework.test.context.support.DirtiesContextTestExecutionListener@2f19f2aa, org.springframework.test.context.event.EventPublishingTestExecutionListener@344b8190]
]]></system-err>
  </testcase>
  <testcase name="Making payment online using credit/debit card" classname="Payment for the tickets online by credit card" time="0">
    <skipped message="The step &quot;User has booked a seat&quot; is undefined. You can implement it using tne snippet(s) below:&#10;&#10;Given(&quot;User has booked a seat&quot;, () -&gt; {&#10;    // Write code here that turns the phrase above into concrete actions&#10;    throw new io.cucumber.java8.PendingException();&#10;});&#10;@Given(&quot;User has booked a seat&quot;)&#10;public void user_has_booked_a_seat() {&#10;    // Write code here that turns the phrase above into concrete actions&#10;    throw new io.cucumber.java.PendingException();&#10;}&#10;&#10;Some other steps were also undefined:&#10;&#10;Given(&quot;i am checkout&quot;, () -&gt; {&#10;    // Write code here that turns the phrase above into concrete actions&#10;    throw new io.cucumber.java8.PendingException();&#10;});&#10;@Given(&quot;i am checkout&quot;)&#10;public void i_am_checkout() {&#10;    // Write code here that turns the phrase above into concrete actions&#10;    throw new io.cucumber.java.PendingException();&#10;}&#10;When(&quot;I use Mastercard Debit&quot;, () -&gt; {&#10;    // Write code here that turns the phrase above into concrete actions&#10;    throw new io.cucumber.java8.PendingException();&#10;});&#10;@When(&quot;I use Mastercard Debit&quot;)&#10;public void i_use_Mastercard_Debit() {&#10;    // Write code here that turns the phrase above into concrete actions&#10;    throw new io.cucumber.java.PendingException();&#10;}&#10;When(&quot;i enter {int}&quot;, (Integer int1) -&gt; {&#10;    // Write code here that turns the phrase above into concrete actions&#10;    throw new io.cucumber.java8.PendingException();&#10;});&#10;@When(&quot;i enter {int}&quot;)&#10;public void i_enter(Integer int1) {&#10;    // Write code here that turns the phrase above into concrete actions&#10;    throw new io.cucumber.java.PendingException();&#10;}&#10;When(&quot;i enter {int}&quot;, (Integer int1) -&gt; {&#10;    // Write code here that turns the phrase above into concrete actions&#10;    throw new io.cucumber.java8.PendingException();&#10;});&#10;@When(&quot;i enter {int}&quot;)&#10;public void i_enter(Integer int1) {&#10;    // Write code here that turns the phrase above into concrete actions&#10;    throw new io.cucumber.java.PendingException();&#10;}&#10;Then(&quot;{string} should be displayed&quot;, (String string) -&gt; {&#10;    // Write code here that turns the phrase above into concrete actions&#10;    throw new io.cucumber.java8.PendingException();&#10;});&#10;@Then(&quot;{string} should be displayed&quot;)&#10;public void should_be_displayed(String string) {&#10;    // Write code here that turns the phrase above into concrete actions&#10;    throw new io.cucumber.java.PendingException();&#10;}&#10;"/>
    <system-err><![CDATA[Feb 16, 2020 11:54:48 AM org.springframework.test.context.support.AbstractTestContextBootstrapper getDefaultTestExecutionListenerClassNames
INFO: Loaded default TestExecutionListener class names from location [META-INF/spring.factories]: [org.springframework.test.context.web.ServletTestExecutionListener, org.springframework.test.context.support.DirtiesContextBeforeModesTestExecutionListener, org.springframework.test.context.support.DependencyInjectionTestExecutionListener, org.springframework.test.context.support.DirtiesContextTestExecutionListener, org.springframework.test.context.transaction.TransactionalTestExecutionListener, org.springframework.test.context.jdbc.SqlScriptsTestExecutionListener, org.springframework.test.context.event.EventPublishingTestExecutionListener]
Feb 16, 2020 11:54:48 AM org.springframework.test.context.support.AbstractTestContextBootstrapper getTestExecutionListeners
INFO: Using TestExecutionListeners: [org.springframework.test.context.support.DirtiesContextBeforeModesTestExecutionListener@5d10455d, org.springframework.test.context.support.DependencyInjectionTestExecutionListener@535b8c24, org.springframework.test.context.support.DirtiesContextTestExecutionListener@4a951911, org.springframework.test.context.event.EventPublishingTestExecutionListener@55b62629]
]]></system-err>
  </testcase>
  <testcase name="Making payment online using credit/debit card" classname="Payment for the tickets online by credit card" time="0">
    <skipped message="The step &quot;User has booked a seat&quot; is undefined. You can implement it using tne snippet(s) below:&#10;&#10;Given(&quot;User has booked a seat&quot;, () -&gt; {&#10;    // Write code here that turns the phrase above into concrete actions&#10;    throw new io.cucumber.java8.PendingException();&#10;});&#10;@Given(&quot;User has booked a seat&quot;)&#10;public void user_has_booked_a_seat() {&#10;    // Write code here that turns the phrase above into concrete actions&#10;    throw new io.cucumber.java.PendingException();&#10;}&#10;&#10;Some other steps were also undefined:&#10;&#10;Given(&quot;i am checkout&quot;, () -&gt; {&#10;    // Write code here that turns the phrase above into concrete actions&#10;    throw new io.cucumber.java8.PendingException();&#10;});&#10;@Given(&quot;i am checkout&quot;)&#10;public void i_am_checkout() {&#10;    // Write code here that turns the phrase above into concrete actions&#10;    throw new io.cucumber.java.PendingException();&#10;}&#10;When(&quot;I use Americal Exp&quot;, () -&gt; {&#10;    // Write code here that turns the phrase above into concrete actions&#10;    throw new io.cucumber.java8.PendingException();&#10;});&#10;@When(&quot;I use Americal Exp&quot;)&#10;public void i_use_Americal_Exp() {&#10;    // Write code here that turns the phrase above into concrete actions&#10;    throw new io.cucumber.java.PendingException();&#10;}&#10;When(&quot;i enter {int}&quot;, (Integer int1) -&gt; {&#10;    // Write code here that turns the phrase above into concrete actions&#10;    throw new io.cucumber.java8.PendingException();&#10;});&#10;@When(&quot;i enter {int}&quot;)&#10;public void i_enter(Integer int1) {&#10;    // Write code here that turns the phrase above into concrete actions&#10;    throw new io.cucumber.java.PendingException();&#10;}&#10;When(&quot;i enter {int}&quot;, (Integer int1) -&gt; {&#10;    // Write code here that turns the phrase above into concrete actions&#10;    throw new io.cucumber.java8.PendingException();&#10;});&#10;@When(&quot;i enter {int}&quot;)&#10;public void i_enter(Integer int1) {&#10;    // Write code here that turns the phrase above into concrete actions&#10;    throw new io.cucumber.java.PendingException();&#10;}&#10;Then(&quot;{string} should be displayed&quot;, (String string) -&gt; {&#10;    // Write code here that turns the phrase above into concrete actions&#10;    throw new io.cucumber.java8.PendingException();&#10;});&#10;@Then(&quot;{string} should be displayed&quot;)&#10;public void should_be_displayed(String string) {&#10;    // Write code here that turns the phrase above into concrete actions&#10;    throw new io.cucumber.java.PendingException();&#10;}&#10;"/>
    <system-err><![CDATA[Feb 16, 2020 11:54:48 AM org.springframework.test.context.support.AbstractTestContextBootstrapper getDefaultTestExecutionListenerClassNames
INFO: Loaded default TestExecutionListener class names from location [META-INF/spring.factories]: [org.springframework.test.context.web.ServletTestExecutionListener, org.springframework.test.context.support.DirtiesContextBeforeModesTestExecutionListener, org.springframework.test.context.support.DependencyInjectionTestExecutionListener, org.springframework.test.context.support.DirtiesContextTestExecutionListener, org.springframework.test.context.transaction.TransactionalTestExecutionListener, org.springframework.test.context.jdbc.SqlScriptsTestExecutionListener, org.springframework.test.context.event.EventPublishingTestExecutionListener]
Feb 16, 2020 11:54:48 AM org.springframework.test.context.support.AbstractTestContextBootstrapper getTestExecutionListeners
INFO: Using TestExecutionListeners: [org.springframework.test.context.support.DirtiesContextBeforeModesTestExecutionListener@654b72c0, org.springframework.test.context.support.DependencyInjectionTestExecutionListener@55b5e331, org.springframework.test.context.support.DirtiesContextTestExecutionListener@6034e75d, org.springframework.test.context.event.EventPublishingTestExecutionListener@15fc442]
]]></system-err>
  </testcase>
  <testcase name="Making payment online using credit/debit card" classname="Payment for the tickets online by credit card" time="0">
    <skipped message="The step &quot;User has booked a seat&quot; is undefined. You can implement it using tne snippet(s) below:&#10;&#10;Given(&quot;User has booked a seat&quot;, () -&gt; {&#10;    // Write code here that turns the phrase above into concrete actions&#10;    throw new io.cucumber.java8.PendingException();&#10;});&#10;@Given(&quot;User has booked a seat&quot;)&#10;public void user_has_booked_a_seat() {&#10;    // Write code here that turns the phrase above into concrete actions&#10;    throw new io.cucumber.java.PendingException();&#10;}&#10;&#10;Some other steps were also undefined:&#10;&#10;Given(&quot;i am checkout&quot;, () -&gt; {&#10;    // Write code here that turns the phrase above into concrete actions&#10;    throw new io.cucumber.java8.PendingException();&#10;});&#10;@Given(&quot;i am checkout&quot;)&#10;public void i_am_checkout() {&#10;    // Write code here that turns the phrase above into concrete actions&#10;    throw new io.cucumber.java.PendingException();&#10;}&#10;When(&quot;I use &lt;cardType&gt;&quot;, () -&gt; {&#10;    // Write code here that turns the phrase above into concrete actions&#10;    throw new io.cucumber.java8.PendingException();&#10;});&#10;@When(&quot;I use &lt;cardType&gt;&quot;)&#10;public void i_use_cardType() {&#10;    // Write code here that turns the phrase above into concrete actions&#10;    throw new io.cucumber.java.PendingException();&#10;}&#10;When(&quot;i enter &lt;cardNumber&gt;&quot;, () -&gt; {&#10;    // Write code here that turns the phrase above into concrete actions&#10;    throw new io.cucumber.java8.PendingException();&#10;});&#10;@When(&quot;i enter &lt;cardNumber&gt;&quot;)&#10;public void i_enter_cardNumber() {&#10;    // Write code here that turns the phrase above into concrete actions&#10;    throw new io.cucumber.java.PendingException();&#10;}&#10;When(&quot;i enter &lt;cvcNumber&gt;&quot;, () -&gt; {&#10;    // Write code here that turns the phrase above into concrete actions&#10;    throw new io.cucumber.java8.PendingException();&#10;});&#10;@When(&quot;i enter &lt;cvcNumber&gt;&quot;)&#10;public void i_enter_cvcNumber() {&#10;    // Write code here that turns the phrase above into concrete actions&#10;    throw new io.cucumber.java.PendingException();&#10;}&#10;Then(&quot;{string} should be displayed&quot;, (String string) -&gt; {&#10;    // Write code here that turns the phrase above into concrete actions&#10;    throw new io.cucumber.java8.PendingException();&#10;});&#10;@Then(&quot;{string} should be displayed&quot;)&#10;public void should_be_displayed(String string) {&#10;    // Write code here that turns the phrase above into concrete actions&#10;    throw new io.cucumber.java.PendingException();&#10;}&#10;"/>
    <system-err><![CDATA[Feb 16, 2020 11:54:49 AM org.springframework.test.context.support.AbstractTestContextBootstrapper getDefaultTestExecutionListenerClassNames
INFO: Loaded default TestExecutionListener class names from location [META-INF/spring.factories]: [org.springframework.test.context.web.ServletTestExecutionListener, org.springframework.test.context.support.DirtiesContextBeforeModesTestExecutionListener, org.springframework.test.context.support.DependencyInjectionTestExecutionListener, org.springframework.test.context.support.DirtiesContextTestExecutionListener, org.springframework.test.context.transaction.TransactionalTestExecutionListener, org.springframework.test.context.jdbc.SqlScriptsTestExecutionListener, org.springframework.test.context.event.EventPublishingTestExecutionListener]
Feb 16, 2020 11:54:49 AM org.springframework.test.context.support.AbstractTestContextBootstrapper getTestExecutionListeners
INFO: Using TestExecutionListeners: [org.springframework.test.context.support.DirtiesContextBeforeModesTestExecutionListener@70d8de, org.springframework.test.context.support.DependencyInjectionTestExecutionListener@42561fba, org.springframework.test.context.support.DirtiesContextTestExecutionListener@595f4da5, org.springframework.test.context.event.EventPublishingTestExecutionListener@46b695ec]
]]></system-err>
  </testcase>
  <testcase name="Making payment after 10 minutes of seat selection" classname="Seat selection scenarios" time="0">
    <skipped message="The step &quot;user has selected a seat&quot; is undefined. You can implement it using tne snippet(s) below:&#10;&#10;Given(&quot;user has selected a seat&quot;, () -&gt; {&#10;    // Write code here that turns the phrase above into concrete actions&#10;    throw new io.cucumber.java8.PendingException();&#10;});&#10;@Given(&quot;user has selected a seat&quot;)&#10;public void user_has_selected_a_seat() {&#10;    // Write code here that turns the phrase above into concrete actions&#10;    throw new io.cucumber.java.PendingException();&#10;}&#10;&#10;Some other steps were also undefined:&#10;&#10;When(&quot;I wait for {int} minutes&quot;, (Integer int1) -&gt; {&#10;    // Write code here that turns the phrase above into concrete actions&#10;    throw new io.cucumber.java8.PendingException();&#10;});&#10;@When(&quot;I wait for {int} minutes&quot;)&#10;public void i_wait_for_minutes(Integer int1) {&#10;    // Write code here that turns the phrase above into concrete actions&#10;    throw new io.cucumber.java.PendingException();&#10;}&#10;When(&quot;i click on checkout&quot;, () -&gt; {&#10;    // Write code here that turns the phrase above into concrete actions&#10;    throw new io.cucumber.java8.PendingException();&#10;});&#10;@When(&quot;i click on checkout&quot;)&#10;public void i_click_on_checkout() {&#10;    // Write code here that turns the phrase above into concrete actions&#10;    throw new io.cucumber.java.PendingException();&#10;}&#10;Then(&quot;{string} error message should be displayed&quot;, (String string) -&gt; {&#10;    // Write code here that turns the phrase above into concrete actions&#10;    throw new io.cucumber.java8.PendingException();&#10;});&#10;@Then(&quot;{string} error message should be displayed&quot;)&#10;public void error_message_should_be_displayed(String string) {&#10;    // Write code here that turns the phrase above into concrete actions&#10;    throw new io.cucumber.java.PendingException();&#10;}&#10;"/>
    <system-err><![CDATA[Feb 16, 2020 11:54:49 AM org.springframework.test.context.support.AbstractTestContextBootstrapper getDefaultTestExecutionListenerClassNames
INFO: Loaded default TestExecutionListener class names from location [META-INF/spring.factories]: [org.springframework.test.context.web.ServletTestExecutionListener, org.springframework.test.context.support.DirtiesContextBeforeModesTestExecutionListener, org.springframework.test.context.support.DependencyInjectionTestExecutionListener, org.springframework.test.context.support.DirtiesContextTestExecutionListener, org.springframework.test.context.transaction.TransactionalTestExecutionListener, org.springframework.test.context.jdbc.SqlScriptsTestExecutionListener, org.springframework.test.context.event.EventPublishingTestExecutionListener]
Feb 16, 2020 11:54:49 AM org.springframework.test.context.support.AbstractTestContextBootstrapper getTestExecutionListeners
INFO: Using TestExecutionListeners: [org.springframework.test.context.support.DirtiesContextBeforeModesTestExecutionListener@150d80c4, org.springframework.test.context.support.DependencyInjectionTestExecutionListener@6826c41e, org.springframework.test.context.support.DirtiesContextTestExecutionListener@3003697, org.springframework.test.context.event.EventPublishingTestExecutionListener@64d43929]
]]></system-err>
  </testcase>
  <testcase name="Same seats booked by two users at same time" classname="Seat selection scenarios" time="0">
    <skipped message="The step &quot;user &apos;A&apos; has selected a seat in row 2 and column 3&quot; is undefined. You can implement it using tne snippet(s) below:&#10;&#10;Given(&quot;user {string} has selected a seat in row {int} and column {int}&quot;, (String string, Integer int1, Integer int2) -&gt; {&#10;    // Write code here that turns the phrase above into concrete actions&#10;    throw new io.cucumber.java8.PendingException();&#10;});&#10;@Given(&quot;user {string} has selected a seat in row {int} and column {int}&quot;)&#10;public void user_has_selected_a_seat_in_row_and_column(String string, Integer int1, Integer int2) {&#10;    // Write code here that turns the phrase above into concrete actions&#10;    throw new io.cucumber.java.PendingException();&#10;}&#10;&#10;Some other steps were also undefined:&#10;&#10;Given(&quot;user {string} has selected a seat in row {int} and column {int}&quot;, (String string, Integer int1, Integer int2) -&gt; {&#10;    // Write code here that turns the phrase above into concrete actions&#10;    throw new io.cucumber.java8.PendingException();&#10;});&#10;@Given(&quot;user {string} has selected a seat in row {int} and column {int}&quot;)&#10;public void user_has_selected_a_seat_in_row_and_column(String string, Integer int1, Integer int2) {&#10;    // Write code here that turns the phrase above into concrete actions&#10;    throw new io.cucumber.java.PendingException();&#10;}&#10;When(&quot;user {string} checks out&quot;, (String string) -&gt; {&#10;    // Write code here that turns the phrase above into concrete actions&#10;    throw new io.cucumber.java8.PendingException();&#10;});&#10;@When(&quot;user {string} checks out&quot;)&#10;public void user_checks_out(String string) {&#10;    // Write code here that turns the phrase above into concrete actions&#10;    throw new io.cucumber.java.PendingException();&#10;}&#10;When(&quot;user {string} checks out&quot;, (String string) -&gt; {&#10;    // Write code here that turns the phrase above into concrete actions&#10;    throw new io.cucumber.java8.PendingException();&#10;});&#10;@When(&quot;user {string} checks out&quot;)&#10;public void user_checks_out(String string) {&#10;    // Write code here that turns the phrase above into concrete actions&#10;    throw new io.cucumber.java.PendingException();&#10;}&#10;Then(&quot;{string} error message should be displayed for user {string}&quot;, (String string, String string2) -&gt; {&#10;    // Write code here that turns the phrase above into concrete actions&#10;    throw new io.cucumber.java8.PendingException();&#10;});&#10;@Then(&quot;{string} error message should be displayed for user {string}&quot;)&#10;public void error_message_should_be_displayed_for_user(String string, String string2) {&#10;    // Write code here that turns the phrase above into concrete actions&#10;    throw new io.cucumber.java.PendingException();&#10;}&#10;Then(&quot;seat should be booked for user {string}&quot;, (String string) -&gt; {&#10;    // Write code here that turns the phrase above into concrete actions&#10;    throw new io.cucumber.java8.PendingException();&#10;});&#10;@Then(&quot;seat should be booked for user {string}&quot;)&#10;public void seat_should_be_booked_for_user(String string) {&#10;    // Write code here that turns the phrase above into concrete actions&#10;    throw new io.cucumber.java.PendingException();&#10;}&#10;Then(&quot;seat in row {int} and column {int} should be booked&quot;, (Integer int1, Integer int2) -&gt; {&#10;    // Write code here that turns the phrase above into concrete actions&#10;    throw new io.cucumber.java8.PendingException();&#10;});&#10;@Then(&quot;seat in row {int} and column {int} should be booked&quot;)&#10;public void seat_in_row_and_column_should_be_booked(Integer int1, Integer int2) {&#10;    // Write code here that turns the phrase above into concrete actions&#10;    throw new io.cucumber.java.PendingException();&#10;}&#10;"/>
    <system-err><![CDATA[Feb 16, 2020 11:54:49 AM org.springframework.test.context.support.AbstractTestContextBootstrapper getDefaultTestExecutionListenerClassNames
INFO: Loaded default TestExecutionListener class names from location [META-INF/spring.factories]: [org.springframework.test.context.web.ServletTestExecutionListener, org.springframework.test.context.support.DirtiesContextBeforeModesTestExecutionListener, org.springframework.test.context.support.DependencyInjectionTestExecutionListener, org.springframework.test.context.support.DirtiesContextTestExecutionListener, org.springframework.test.context.transaction.TransactionalTestExecutionListener, org.springframework.test.context.jdbc.SqlScriptsTestExecutionListener, org.springframework.test.context.event.EventPublishingTestExecutionListener]
Feb 16, 2020 11:54:49 AM org.springframework.test.context.support.AbstractTestContextBootstrapper getTestExecutionListeners
INFO: Using TestExecutionListeners: [org.springframework.test.context.support.DirtiesContextBeforeModesTestExecutionListener@78d39a69, org.springframework.test.context.support.DependencyInjectionTestExecutionListener@3c818ac4, org.springframework.test.context.support.DirtiesContextTestExecutionListener@5b69d40d, org.springframework.test.context.event.EventPublishingTestExecutionListener@71154f21]
]]></system-err>
  </testcase>
  <testcase name="Regular Logged in user booking tickets" classname="Super Tuesdays: On tuesday, the cinema tickets will be at ½ the original price." time="0.106"/>
  <testcase name="Regular Logged in user booking tickets" classname="Super Tuesdays: On tuesday, the cinema tickets will be at ½ the original price." time="0.042"/>
  <testcase name="Regular Logged in user booking tickets" classname="Super Tuesdays: On tuesday, the cinema tickets will be at ½ the original price." time="0.043"/>
  <testcase name="Regular Logged in user booking tickets" classname="Super Tuesdays: On tuesday, the cinema tickets will be at ½ the original price." time="0.045"/>
  <testcase name="Booking tickets Without Login" classname="Super Tuesdays: On tuesday, the cinema tickets will be at ½ the original price." time="0.052"/>
  <testcase name="Booking tickets Without Login" classname="Super Tuesdays: On tuesday, the cinema tickets will be at ½ the original price." time="0.037"/>
  <testcase name="Booking tickets Without Login" classname="Super Tuesdays: On tuesday, the cinema tickets will be at ½ the original price." time="0.028"/>
  <testcase name="Booking tickets Without Login" classname="Super Tuesdays: On tuesday, the cinema tickets will be at ½ the original price." time="0.034"/>
  <testcase name="Active Ted card user books ticket" classname="Ted card users are given special discounts on ticket bookings." time="0.026"/>
  <testcase name="Active Ted card user books ticket" classname="Ted card users are given special discounts on ticket bookings." time="0.031"/>
  <testcase name="Active Ted card user books ticket" classname="Ted card users are given special discounts on ticket bookings." time="0.025"/>
  <testcase name="Active Ted card user books ticket" classname="Ted card users are given special discounts on ticket bookings." time="0.062"/>
  <testcase name="Active Ted card user books ticket" classname="Ted card users are given special discounts on ticket bookings." time="0.016"/>
  <testcase name="Active Ted card user books ticket" classname="Ted card users are given special discounts on ticket bookings." time="0.06"/>
  <testcase name="Active Ted card user books ticket" classname="Ted card users are given special discounts on ticket bookings." time="0.047"/>
  <testcase name="Active Ted card user books ticket" classname="Ted card users are given special discounts on ticket bookings." time="0.019"/>
</testsuite>